[2022-02-21T18:06:58.298Z] Validating found git in: git
[2022-02-21T18:06:58.327Z] Using git 2.35.1 from git
[2022-02-21T18:06:58.390Z] > git rev-parse --git-dir [18ms]
[2022-02-21T18:06:58.396Z] Open repository: /home/chris/Documents/dotfiles_qtile
[2022-02-21T18:06:58.545Z] > git symbolic-ref --short HEAD [8ms]
[2022-02-21T18:06:58.572Z] > git for-each-ref --format=%(refname)%00%(upstream:short)%00%(objectname)%00%(upstream:track) refs/heads/main refs/remotes/main [15ms]
[2022-02-21T18:06:58.588Z] > git for-each-ref --sort -committerdate --format %(refname) %(objectname) %(*objectname) [10ms]
[2022-02-21T18:06:58.590Z] > git remote --verbose [4ms]
[2022-02-21T18:06:58.624Z] > git config --get commit.template [4ms]
[2022-02-21T18:07:07.844Z] > git ls-files --stage -- /home/chris/Documents/dotfiles_qtile/.config/qtile/config.py [474ms]
[2022-02-21T18:07:07.873Z] > git cat-file -s d4627b5e9c7f61d42e0884e8442e163bc6316a03 [12ms]
[2022-02-21T18:07:11.249Z] > git ls-files --stage -- /home/chris/Documents/dotfiles_qtile/.config/qtile/modules/widgets.py [12ms]
[2022-02-21T18:07:11.294Z] > git cat-file -s af5149aec8d13b7a590222ec9fff9c38b104857d [15ms]
[2022-02-21T18:09:30.103Z] > git symbolic-ref --short HEAD [2ms]
[2022-02-21T18:09:30.108Z] > git for-each-ref --format=%(refname)%00%(upstream:short)%00%(objectname)%00%(upstream:track) refs/heads/main refs/remotes/main [2ms]
[2022-02-21T18:09:30.118Z] > git for-each-ref --sort -committerdate --format %(refname) %(objectname) %(*objectname) [7ms]
[2022-02-21T18:09:30.120Z] > git remote --verbose [2ms]
[2022-02-21T18:09:30.137Z] > git config --get commit.template [1ms]
[2022-02-21T18:09:40.732Z] > git ls-files --stage -- /home/chris/Documents/dotfiles_qtile/.config/qtile/modules/layouts.py [11ms]
[2022-02-21T18:09:40.765Z] > git cat-file -s 3175bbfe9b787089666671b7f2c4d4aada879178 [10ms]
[2022-02-21T18:09:41.436Z] > git ls-files --stage -- /home/chris/Documents/dotfiles_qtile/.config/qtile/modules/hooks.py [12ms]
[2022-02-21T18:09:41.472Z] > git cat-file -s b18001886b16432c548c3c097a44fae456512501 [18ms]
[2022-02-21T18:09:42.677Z] > git ls-files --stage -- /home/chris/Documents/dotfiles_qtile/.config/qtile/modules/layouts.py [10ms]
[2022-02-21T18:09:42.693Z] > git cat-file -s 3175bbfe9b787089666671b7f2c4d4aada879178 [1ms]
[2022-02-21T18:09:43.348Z] > git ls-files --stage -- /home/chris/Documents/dotfiles_qtile/.config/qtile/modules/widgets.py [16ms]
[2022-02-21T18:09:43.468Z] > git cat-file -s af5149aec8d13b7a590222ec9fff9c38b104857d [107ms]
[2022-02-21T18:09:44.722Z] > git ls-files --stage -- /home/chris/Documents/dotfiles_qtile/.config/qtile/modules/layouts.py [6ms]
[2022-02-21T18:09:44.737Z] > git cat-file -s 3175bbfe9b787089666671b7f2c4d4aada879178 [2ms]
[2022-02-21T18:09:46.569Z] > git ls-files --stage -- /home/chris/Documents/dotfiles_qtile/.config/qtile/modules/hooks.py [10ms]
[2022-02-21T18:09:46.581Z] > git cat-file -s b18001886b16432c548c3c097a44fae456512501 [6ms]
[2022-02-21T18:09:49.867Z] > git ls-files --stage -- /home/chris/Documents/dotfiles_qtile/.config/qtile/modules/widgets.py [12ms]
[2022-02-21T18:09:49.873Z] > git cat-file -s af5149aec8d13b7a590222ec9fff9c38b104857d [1ms]
[2022-02-21T18:09:52.812Z] > git ls-files --stage -- /home/chris/Documents/dotfiles_qtile/.config/qtile/modules/hooks.py [28ms]
[2022-02-21T18:09:52.863Z] > git cat-file -s b18001886b16432c548c3c097a44fae456512501 [23ms]
[2022-02-21T18:09:53.533Z] > git symbolic-ref --short HEAD [3ms]
[2022-02-21T18:09:53.538Z] > git for-each-ref --format=%(refname)%00%(upstream:short)%00%(objectname)%00%(upstream:track) refs/heads/main refs/remotes/main [2ms]
[2022-02-21T18:09:53.549Z] > git for-each-ref --sort -committerdate --format %(refname) %(objectname) %(*objectname) [8ms]
[2022-02-21T18:09:53.552Z] > git remote --verbose [7ms]
[2022-02-21T18:09:53.561Z] > git config --get commit.template [2ms]
[2022-02-21T18:09:55.439Z] > git ls-files --stage -- /home/chris/Documents/dotfiles_qtile/.config/qtile/modules/hooks.py [4ms]
[2022-02-21T18:09:55.449Z] > git cat-file -s b18001886b16432c548c3c097a44fae456512501 [3ms]
