VSCodium (1.64.2, undefined, desktop)
Jupyter Extension Version: 2022.1.1301856528.
Python Extension Version: 2022.0.1814523869.
Info 19:07:07: ZMQ install verified.
Error 19:07:08: Jupyter Extension (Error in Failed to update settings.json, method:fixSettingsFile): [EntryNotFound (FileSystemError): Unable to read file '/home/chris/.config/Code/User/settings.json' (Error: Unable to resolve nonexistent file '/home/chris/.config/Code/User/settings.json')
	at Function._handleError (/opt/vscodium-bin/resources/app/out/vs/workbench/services/extensions/node/extensionHostProcess.js:93:83879)
	at Object.readFile (/opt/vscodium-bin/resources/app/out/vs/workbench/services/extensions/node/extensionHostProcess.js:93:82793)
	at processTicksAndRejections (internal/process/task_queues.js:93:5)
	at async m.readFile (/home/chris/.vscode-oss/extensions/ms-toolsai.jupyter-2022.1.1301856528/out/client/extension.js:124:42473)
	at async g.fixSettingsFile (/home/chris/.vscode-oss/extensions/ms-toolsai.jupyter-2022.1.1301856528/out/client/extension.js:66:522156)
	at async Promise.all (index 0)
	at async g.updateSettings (/home/chris/.vscode-oss/extensions/ms-toolsai.jupyter-2022.1.1301856528/out/client/extension.js:66:523906)] {
  code: 'FileNotFound'
}
Error 19:07:08: Jupyter Extension (Error in Failed to update settings.json, method:fixSettingsFile): [EntryNotFound (FileSystemError): Unable to read file '/home/chris/Documents/dotfiles_qtile/.vscode/settings.json' (Error: Unable to resolve nonexistent file '/home/chris/Documents/dotfiles_qtile/.vscode/settings.json')
	at Function._handleError (/opt/vscodium-bin/resources/app/out/vs/workbench/services/extensions/node/extensionHostProcess.js:93:83879)
	at Object.readFile (/opt/vscodium-bin/resources/app/out/vs/workbench/services/extensions/node/extensionHostProcess.js:93:82793)
	at processTicksAndRejections (internal/process/task_queues.js:93:5)
	at async m.readFile (/home/chris/.vscode-oss/extensions/ms-toolsai.jupyter-2022.1.1301856528/out/client/extension.js:124:42473)
	at async g.fixSettingsFile (/home/chris/.vscode-oss/extensions/ms-toolsai.jupyter-2022.1.1301856528/out/client/extension.js:66:522156)
	at async Promise.all (index 1)
	at async g.updateSettings (/home/chris/.vscode-oss/extensions/ms-toolsai.jupyter-2022.1.1301856528/out/client/extension.js:66:523906)] {
  code: 'FileNotFound'
}
Info 19:07:08: Experiment status for python is {"enabled":true,"optInto":[],"optOutFrom":[]}
Info 19:07:08: Getting activation commands for /bin/python are not cached. May take a while.
Info 19:07:08: Process Execution: > /bin/python -m pip list
> /bin/python -m pip list
Info 19:07:08: Process Execution: > /bin/python -c "import pip"
> /bin/python -c "import pip"
Info 19:10:04: Shutting down notebooks for 0d07ba04-a9de-4e5a-8b81-28350af210ec
Info 19:10:04: Disposing HostJupyterExecution af6d9744-77e0-402f-bec9-d29bcd826f62
Info 19:10:04: Disposing super HostJupyterExecution af6d9744-77e0-402f-bec9-d29bcd826f62
Info 19:10:04: Disposing HostJupyterExecution af6d9744-77e0-402f-bec9-d29bcd826f62
Info 19:10:04: Finished disposing HostJupyterExecution  af6d9744-77e0-402f-bec9-d29bcd826f62
Info 19:10:04: Cleaning up server cache af6d9744-77e0-402f-bec9-d29bcd826f62
Info 19:10:04: Finished disposing HostJupyterExecution  af6d9744-77e0-402f-bec9-d29bcd826f62
