[2022-02-21 18:52:03.337] [sharedprocess] [info] Starting worker process with pid 171145 (type: fileWatcher, window: 1).
[2022-02-21 18:52:34.731] [sharedprocess] [info] Getting Manifest... akamud.vscode-theme-onedark
[2022-02-21 18:52:34.790] [sharedprocess] [info] Installing extension: akamud.vscode-theme-onedark
[2022-02-21 18:52:35.458] [sharedprocess] [info] Downloaded extension: akamud.vscode-theme-onedark /home/chris/.config/VSCodium/CachedExtensionVSIXs/akamud.vscode-theme-onedark-2.2.3
[2022-02-21 18:52:35.692] [sharedprocess] [info] Extracted extension to /home/chris/.vscode-oss/extensions/.c6eb111a-1941-4106-9bf6-68174a86b9c2: akamud.vscode-theme-onedark
[2022-02-21 18:52:35.706] [sharedprocess] [info] Renamed to /home/chris/.vscode-oss/extensions/akamud.vscode-theme-onedark-2.2.3
[2022-02-21 18:52:35.712] [sharedprocess] [info] Extracting completed. akamud.vscode-theme-onedark
[2022-02-21 18:52:35.731] [sharedprocess] [info] Extension installed successfully: akamud.vscode-theme-onedark
[2022-02-21 18:58:44.836] [sharedprocess] [info] Getting Manifest... ms-python.python
[2022-02-21 18:58:44.898] [sharedprocess] [info] Installing extension: ms-python.python
[2022-02-21 18:58:45.259] [sharedprocess] [info] Getting Manifest... ms-toolsai.jupyter
[2022-02-21 18:58:45.918] [sharedprocess] [info] Installing extension: ms-toolsai.jupyter
[2022-02-21 18:58:49.631] [sharedprocess] [info] Downloaded extension: ms-toolsai.jupyter /home/chris/.config/VSCodium/CachedExtensionVSIXs/ms-toolsai.jupyter-2022.1.1301856528
[2022-02-21 18:58:50.423] [sharedprocess] [info] Extracted extension to /home/chris/.vscode-oss/extensions/.c14292dd-e933-4326-839b-8fd1f7ef429d: ms-toolsai.jupyter
[2022-02-21 18:58:50.438] [sharedprocess] [info] Renamed to /home/chris/.vscode-oss/extensions/ms-toolsai.jupyter-2022.1.1301856528
[2022-02-21 18:58:50.441] [sharedprocess] [info] Extracting completed. ms-toolsai.jupyter
[2022-02-21 18:58:54.292] [sharedprocess] [info] Downloaded extension: ms-python.python /home/chris/.config/VSCodium/CachedExtensionVSIXs/ms-python.python-2022.0.1814523869
[2022-02-21 18:58:57.058] [sharedprocess] [info] Extracted extension to /home/chris/.vscode-oss/extensions/.7f4ba23d-d998-47ea-b31b-7965f51a67f5: ms-python.python
[2022-02-21 18:58:57.092] [sharedprocess] [info] Renamed to /home/chris/.vscode-oss/extensions/ms-python.python-2022.0.1814523869
[2022-02-21 18:58:57.095] [sharedprocess] [info] Extracting completed. ms-python.python
[2022-02-21 18:58:57.104] [sharedprocess] [info] Extension installed successfully: ms-toolsai.jupyter
[2022-02-21 18:58:57.104] [sharedprocess] [info] Extension installed successfully: ms-python.python
[2022-02-21 19:01:24.676] [sharedprocess] [info] Getting Manifest... sumneko.lua
[2022-02-21 19:01:24.743] [sharedprocess] [info] Installing extension: sumneko.lua
[2022-02-21 19:01:26.810] [sharedprocess] [info] Downloaded extension: sumneko.lua /home/chris/.config/VSCodium/CachedExtensionVSIXs/sumneko.lua-2.5.3
[2022-02-21 19:01:28.220] [sharedprocess] [info] Extracted extension to /home/chris/.vscode-oss/extensions/.1e9cbf7a-e046-43d0-b220-bcc392e12f6c: sumneko.lua
[2022-02-21 19:01:28.233] [sharedprocess] [info] Renamed to /home/chris/.vscode-oss/extensions/sumneko.lua-2.5.3
[2022-02-21 19:01:28.235] [sharedprocess] [info] Extracting completed. sumneko.lua
[2022-02-21 19:01:28.251] [sharedprocess] [info] Extension installed successfully: sumneko.lua
[2022-02-21 19:03:54.074] [sharedprocess] [info] Getting Manifest... rust-lang.rust
[2022-02-21 19:03:54.135] [sharedprocess] [info] Installing extension: rust-lang.rust
[2022-02-21 19:03:55.432] [sharedprocess] [info] Downloaded extension: rust-lang.rust /home/chris/.config/VSCodium/CachedExtensionVSIXs/rust-lang.rust-0.7.8
[2022-02-21 19:03:55.559] [sharedprocess] [info] Extracted extension to /home/chris/.vscode-oss/extensions/.1a1f3f6e-d10a-4aae-9ad9-4642ffe93c72: rust-lang.rust
[2022-02-21 19:03:55.580] [sharedprocess] [info] Renamed to /home/chris/.vscode-oss/extensions/rust-lang.rust-0.7.8
[2022-02-21 19:03:55.581] [sharedprocess] [info] Extracting completed. rust-lang.rust
[2022-02-21 19:03:55.600] [sharedprocess] [info] Extension installed successfully: rust-lang.rust
[2022-02-21 19:06:52.306] [sharedprocess] [info] Worker process with pid 171145 terminated normally (type: fileWatcher, window: 1).
[2022-02-21 19:06:54.941] [sharedprocess] [info] Starting worker process with pid 185956 (type: fileWatcher, window: 1).
