[2022-02-21 18:52:03.241] [exthost] [info] Extension host with pid 171087 started
[2022-02-21 18:52:03.393] [exthost] [info] ExtensionService#_doActivateExtension vscode.debug-auto-launch, startup: true, activationEvent: '*'
[2022-02-21 18:52:03.398] [exthost] [info] ExtensionService#_doActivateExtension vscode.git-base, startup: true, activationEvent: '*', root cause: vscode.github
[2022-02-21 18:52:03.458] [exthost] [info] ExtensionService#_doActivateExtension vscode.git, startup: true, activationEvent: '*'
[2022-02-21 18:52:03.705] [exthost] [info] ExtensionService#_doActivateExtension vscode.github, startup: true, activationEvent: '*'
[2022-02-21 18:52:03.844] [exthost] [info] Eager extensions activated
[2022-02-21 18:52:03.901] [exthost] [info] ExtensionService#_doActivateExtension vscode.emmet, startup: false, activationEvent: 'onStartupFinished'
[2022-02-21 18:52:03.950] [exthost] [info] ExtensionService#_doActivateExtension vscode.merge-conflict, startup: false, activationEvent: 'onStartupFinished'
[2022-02-21 18:52:38.769] [exthost] [info] ExtensionService#_doActivateExtension vscode.configuration-editing, startup: false, activationEvent: 'onLanguage:jsonc'
[2022-02-21 18:52:38.777] [exthost] [info] ExtensionService#_doActivateExtension vscode.json-language-features, startup: false, activationEvent: 'onLanguage:jsonc'
[2022-02-21 18:52:38.851] [exthost] [info] ExtensionService#_doActivateExtension vscode.typescript-language-features, startup: false, activationEvent: 'onLanguage:jsonc'
[2022-02-21 18:58:58.655] [exthost] [info] ExtensionService#_doActivateExtension ms-python.python, startup: false, activationEvent: 'onWalkthrough:pythonWelcome'
[2022-02-21 19:06:52.257] [exthost] [info] extension host terminating: renderer closed the socket
[2022-02-21 19:06:52.340] [exthost] [info] Extension host with pid 171087 exiting with code 0
[2022-02-21 19:06:57.141] [exthost] [info] Extension host with pid 185955 started
[2022-02-21 19:06:57.141] [exthost] [info] Skipping acquiring lock for /home/chris/.config/VSCodium/User/workspaceStorage/94871af9a910902938807daa1af8ba45.
[2022-02-21 19:06:57.376] [exthost] [info] ExtensionService#_doActivateExtension vscode.debug-auto-launch, startup: true, activationEvent: '*'
[2022-02-21 19:06:57.381] [exthost] [info] ExtensionService#_doActivateExtension vscode.git-base, startup: true, activationEvent: '*', root cause: vscode.github
[2022-02-21 19:06:57.453] [exthost] [info] ExtensionService#_doActivateExtension vscode.github, startup: true, activationEvent: '*'
[2022-02-21 19:06:57.473] [exthost] [info] Eager extensions activated
[2022-02-21 19:06:57.486] [exthost] [info] ExtensionService#_doActivateExtension vscode.emmet, startup: false, activationEvent: 'onStartupFinished'
[2022-02-21 19:06:57.494] [exthost] [info] ExtensionService#_doActivateExtension vscode.merge-conflict, startup: false, activationEvent: 'onStartupFinished'
[2022-02-21 19:06:58.261] [exthost] [info] ExtensionService#_doActivateExtension vscode.git, startup: false, activationEvent: 'api', root cause: vscode.github
[2022-02-21 19:07:05.453] [exthost] [info] ExtensionService#_doActivateExtension ms-python.python, startup: false, activationEvent: 'onLanguage:python'
[2022-02-21 19:07:06.726] [exthost] [info] ExtensionService#_doActivateExtension ms-toolsai.jupyter, startup: false, activationEvent: 'onLanguage:python'
[2022-02-21 19:10:04.737] [exthost] [info] extension host terminating: renderer closed the socket
[2022-02-21 19:10:04.746] [exthost] [info] Extension host with pid 185955 exiting with code 0
